2015-04-15 12:41:38.076 -0600: [Info]: Logging to file '/home/ben/gitclone/rafflebot/bots/slackbot-frd.log'
2015-04-15 12:41:38.078 -0600: [Debug]: Done initializing SlackbotFrd::SlackConnection
2015-04-15 12:41:38.078 -0600: [Debug]: Loading bot file '/home/ben/gitclone/rafflebot/bots/rafflebot.rb'
2015-04-15 12:41:38.080 -0600: [Debug]: Instantiating and adding callbacks to class 'RaffleBot'
2015-04-15 12:41:38.082 -0600: [Debug]: Starting SlackConnection
2015-04-15 12:41:38.083 -0600: [Info]: SlackbotFrd::SlackConnection: starting event machine
2015-04-15 12:42:01.765 -0600: [Warn]: SlackbotFrd::SlackConnection: Channel id 'G02U02YCZ' not found
2015-04-15 12:42:19.920 -0600: [Warn]: SlackbotFrd::SlackConnection: Channel id 'G02U02YCZ' not found
2015-04-15 12:42:20.691 -0600: [Debug]: Done initializing SlackbotFrd::SlackConnection
2015-04-15 12:42:20.692 -0600: [Debug]: Loading bot file '/home/ben/gitclone/rafflebot/bots/rafflebot.rb'
2015-04-15 12:42:20.694 -0600: [Debug]: Instantiating and adding callbacks to class 'RaffleBot'
2015-04-15 12:42:20.696 -0600: [Debug]: Starting SlackConnection
2015-04-15 12:42:20.696 -0600: [Info]: SlackbotFrd::SlackConnection: starting event machine
2015-04-15 12:43:07.564 -0600: [Info]: Logging to file '/home/ben/gitclone/rafflebot/bots/slackbot-frd.log'
2015-04-15 12:43:07.565 -0600: [Debug]: Done initializing SlackbotFrd::SlackConnection
2015-04-15 12:43:07.565 -0600: [Debug]: Loading bot file '/home/ben/gitclone/rafflebot/bots/rafflebot.rb'
2015-04-15 12:43:07.568 -0600: [Debug]: Instantiating and adding callbacks to class 'RaffleBot'
2015-04-15 12:43:07.569 -0600: [Debug]: Starting SlackConnection
2015-04-15 12:43:07.569 -0600: [Info]: SlackbotFrd::SlackConnection: starting event machine
2015-04-15 12:43:19.442 -0600: [Debug]: Done initializing SlackbotFrd::SlackConnection
2015-04-15 12:43:19.442 -0600: [Debug]: Loading bot file '/home/ben/gitclone/rafflebot/bots/rafflebot.rb'
2015-04-15 12:43:19.446 -0600: [Debug]: Instantiating and adding callbacks to class 'RaffleBot'
2015-04-15 12:43:19.446 -0600: [Debug]: Starting SlackConnection
2015-04-15 12:43:19.446 -0600: [Info]: SlackbotFrd::SlackConnection: starting event machine
2015-04-15 12:44:10.236 -0600: [Info]: Logging to file '/home/ben/gitclone/rafflebot/bots/slackbot-frd.log'
2015-04-15 12:44:10.237 -0600: [Debug]: Done initializing SlackbotFrd::SlackConnection
2015-04-15 12:44:10.237 -0600: [Debug]: Loading bot file '/home/ben/gitclone/rafflebot/bots/rafflebot.rb'
2015-04-15 12:44:10.240 -0600: [Debug]: Instantiating and adding callbacks to class 'RaffleBot'
2015-04-15 12:44:10.241 -0600: [Debug]: Starting SlackConnection
2015-04-15 12:44:10.241 -0600: [Info]: SlackbotFrd::SlackConnection: starting event machine
2015-04-15 12:44:15.635 -0600: [Debug]: Done initializing SlackbotFrd::SlackConnection
2015-04-15 12:44:15.635 -0600: [Debug]: Loading bot file '/home/ben/gitclone/rafflebot/bots/rafflebot.rb'
2015-04-15 12:44:15.639 -0600: [Debug]: Instantiating and adding callbacks to class 'RaffleBot'
2015-04-15 12:44:15.639 -0600: [Debug]: Starting SlackConnection
2015-04-15 12:44:15.640 -0600: [Info]: SlackbotFrd::SlackConnection: starting event machine
2015-04-15 12:45:05.897 -0600: [Info]: Logging to file '/home/ben/gitclone/rafflebot/bots/slackbot-frd.log'
2015-04-15 12:45:05.898 -0600: [Debug]: Done initializing SlackbotFrd::SlackConnection
2015-04-15 12:45:05.898 -0600: [Debug]: Loading bot file '/home/ben/gitclone/rafflebot/bots/rafflebot.rb'
2015-04-15 12:45:05.901 -0600: [Debug]: Instantiating and adding callbacks to class 'RaffleBot'
2015-04-15 12:45:05.902 -0600: [Debug]: Starting SlackConnection
2015-04-15 12:45:05.902 -0600: [Info]: SlackbotFrd::SlackConnection: starting event machine
2015-04-15 12:46:25.514 -0600: [Debug]: Done initializing SlackbotFrd::SlackConnection
2015-04-15 12:46:25.514 -0600: [Debug]: Loading bot file '/home/ben/gitclone/rafflebot/bots/rafflebot.rb'
2015-04-15 12:46:25.517 -0600: [Debug]: Instantiating and adding callbacks to class 'RaffleBot'
2015-04-15 12:46:25.518 -0600: [Debug]: Starting SlackConnection
2015-04-15 12:46:25.534 -0600: [Debug]: Done initializing SlackbotFrd::SlackConnection
2015-04-15 12:46:25.534 -0600: [Debug]: Loading bot file '/home/ben/gitclone/rafflebot/bots/rafflebot.rb'
2015-04-15 12:46:25.537 -0600: [Debug]: Instantiating and adding callbacks to class 'RaffleBot'
2015-04-15 12:46:25.538 -0600: [Debug]: Starting SlackConnection
2015-04-15 12:46:25.553 -0600: [Debug]: Done initializing SlackbotFrd::SlackConnection
2015-04-15 12:46:25.553 -0600: [Debug]: Loading bot file '/home/ben/gitclone/rafflebot/bots/rafflebot.rb'
2015-04-15 12:46:25.557 -0600: [Debug]: Instantiating and adding callbacks to class 'RaffleBot'
2015-04-15 12:46:25.558 -0600: [Debug]: Starting SlackConnection
2015-04-15 12:46:25.575 -0600: [Debug]: Done initializing SlackbotFrd::SlackConnection
2015-04-15 12:46:25.575 -0600: [Debug]: Loading bot file '/home/ben/gitclone/rafflebot/bots/rafflebot.rb'
2015-04-15 12:46:25.578 -0600: [Debug]: Instantiating and adding callbacks to class 'RaffleBot'
2015-04-15 12:46:25.579 -0600: [Debug]: Starting SlackConnection
2015-04-15 12:46:25.595 -0600: [Debug]: Done initializing SlackbotFrd::SlackConnection
2015-04-15 12:46:25.595 -0600: [Debug]: Loading bot file '/home/ben/gitclone/rafflebot/bots/rafflebot.rb'
2015-04-15 12:46:25.599 -0600: [Debug]: Instantiating and adding callbacks to class 'RaffleBot'
2015-04-15 12:46:25.600 -0600: [Debug]: Starting SlackConnection
2015-04-15 12:46:25.617 -0600: [Debug]: Done initializing SlackbotFrd::SlackConnection
2015-04-15 12:46:25.617 -0600: [Debug]: Loading bot file '/home/ben/gitclone/rafflebot/bots/rafflebot.rb'
2015-04-15 12:46:25.620 -0600: [Debug]: Instantiating and adding callbacks to class 'RaffleBot'
2015-04-15 12:46:25.621 -0600: [Debug]: Starting SlackConnection
2015-04-15 12:46:25.637 -0600: [Debug]: Done initializing SlackbotFrd::SlackConnection
2015-04-15 12:46:25.637 -0600: [Debug]: Loading bot file '/home/ben/gitclone/rafflebot/bots/rafflebot.rb'
2015-04-15 12:46:25.640 -0600: [Debug]: Instantiating and adding callbacks to class 'RaffleBot'
2015-04-15 12:46:25.641 -0600: [Debug]: Starting SlackConnection
2015-04-15 12:46:25.659 -0600: [Debug]: Done initializing SlackbotFrd::SlackConnection
2015-04-15 12:46:25.660 -0600: [Debug]: Loading bot file '/home/ben/gitclone/rafflebot/bots/rafflebot.rb'
2015-04-15 12:46:25.663 -0600: [Debug]: Instantiating and adding callbacks to class 'RaffleBot'
2015-04-15 12:46:25.663 -0600: [Debug]: Starting SlackConnection
2015-04-15 12:46:25.679 -0600: [Debug]: Done initializing SlackbotFrd::SlackConnection
2015-04-15 12:46:25.680 -0600: [Debug]: Loading bot file '/home/ben/gitclone/rafflebot/bots/rafflebot.rb'
2015-04-15 12:46:25.683 -0600: [Debug]: Instantiating and adding callbacks to class 'RaffleBot'
2015-04-15 12:46:25.684 -0600: [Debug]: Starting SlackConnection
2015-04-15 12:46:25.699 -0600: [Debug]: Done initializing SlackbotFrd::SlackConnection
2015-04-15 12:46:25.700 -0600: [Debug]: Loading bot file '/home/ben/gitclone/rafflebot/bots/rafflebot.rb'
2015-04-15 12:46:25.703 -0600: [Debug]: Instantiating and adding callbacks to class 'RaffleBot'
2015-04-15 12:46:25.704 -0600: [Debug]: Starting SlackConnection
2015-04-15 12:46:25.720 -0600: [Debug]: Done initializing SlackbotFrd::SlackConnection
2015-04-15 12:46:25.720 -0600: [Debug]: Loading bot file '/home/ben/gitclone/rafflebot/bots/rafflebot.rb'
2015-04-15 12:46:25.724 -0600: [Debug]: Instantiating and adding callbacks to class 'RaffleBot'
2015-04-15 12:46:25.724 -0600: [Debug]: Starting SlackConnection
2015-04-15 12:46:25.741 -0600: [Debug]: Done initializing SlackbotFrd::SlackConnection
2015-04-15 12:46:25.741 -0600: [Debug]: Loading bot file '/home/ben/gitclone/rafflebot/bots/rafflebot.rb'
2015-04-15 12:46:25.744 -0600: [Debug]: Instantiating and adding callbacks to class 'RaffleBot'
2015-04-15 12:46:25.745 -0600: [Debug]: Starting SlackConnection
2015-04-15 12:46:25.761 -0600: [Debug]: Done initializing SlackbotFrd::SlackConnection
2015-04-15 12:46:25.762 -0600: [Debug]: Loading bot file '/home/ben/gitclone/rafflebot/bots/rafflebot.rb'
2015-04-15 12:46:25.765 -0600: [Debug]: Instantiating and adding callbacks to class 'RaffleBot'
2015-04-15 12:46:25.766 -0600: [Debug]: Starting SlackConnection
2015-04-15 12:46:25.782 -0600: [Debug]: Done initializing SlackbotFrd::SlackConnection
2015-04-15 12:46:25.782 -0600: [Debug]: Loading bot file '/home/ben/gitclone/rafflebot/bots/rafflebot.rb'
2015-04-15 12:46:25.785 -0600: [Debug]: Instantiating and adding callbacks to class 'RaffleBot'
2015-04-15 12:46:25.786 -0600: [Debug]: Starting SlackConnection
2015-04-15 12:46:25.801 -0600: [Debug]: Done initializing SlackbotFrd::SlackConnection
2015-04-15 12:46:25.802 -0600: [Debug]: Loading bot file '/home/ben/gitclone/rafflebot/bots/rafflebot.rb'
2015-04-15 12:46:25.805 -0600: [Debug]: Instantiating and adding callbacks to class 'RaffleBot'
2015-04-15 12:46:25.806 -0600: [Debug]: Starting SlackConnection
2015-04-15 12:46:25.822 -0600: [Debug]: Done initializing SlackbotFrd::SlackConnection
2015-04-15 12:46:25.822 -0600: [Debug]: Loading bot file '/home/ben/gitclone/rafflebot/bots/rafflebot.rb'
2015-04-15 12:46:25.825 -0600: [Debug]: Instantiating and adding callbacks to class 'RaffleBot'
2015-04-15 12:46:25.826 -0600: [Debug]: Starting SlackConnection
2015-04-15 12:46:25.841 -0600: [Debug]: Done initializing SlackbotFrd::SlackConnection
2015-04-15 12:46:25.841 -0600: [Debug]: Loading bot file '/home/ben/gitclone/rafflebot/bots/rafflebot.rb'
2015-04-15 12:46:25.844 -0600: [Debug]: Instantiating and adding callbacks to class 'RaffleBot'
2015-04-15 12:46:25.845 -0600: [Debug]: Starting SlackConnection
2015-04-15 12:46:25.862 -0600: [Debug]: Done initializing SlackbotFrd::SlackConnection
2015-04-15 12:46:25.862 -0600: [Debug]: Loading bot file '/home/ben/gitclone/rafflebot/bots/rafflebot.rb'
2015-04-15 12:46:25.866 -0600: [Debug]: Instantiating and adding callbacks to class 'RaffleBot'
2015-04-15 12:46:25.866 -0600: [Debug]: Starting SlackConnection
2015-04-15 12:46:25.881 -0600: [Debug]: Done initializing SlackbotFrd::SlackConnection
2015-04-15 12:46:25.882 -0600: [Debug]: Loading bot file '/home/ben/gitclone/rafflebot/bots/rafflebot.rb'
2015-04-15 12:46:25.885 -0600: [Debug]: Instantiating and adding callbacks to class 'RaffleBot'
2015-04-15 12:46:25.886 -0600: [Debug]: Starting SlackConnection
2015-04-15 12:46:25.903 -0600: [Debug]: Done initializing SlackbotFrd::SlackConnection
2015-04-15 12:46:25.903 -0600: [Debug]: Loading bot file '/home/ben/gitclone/rafflebot/bots/rafflebot.rb'
2015-04-15 12:46:25.906 -0600: [Debug]: Instantiating and adding callbacks to class 'RaffleBot'
2015-04-15 12:46:25.907 -0600: [Debug]: Starting SlackConnection
2015-04-15 12:46:25.923 -0600: [Debug]: Done initializing SlackbotFrd::SlackConnection
2015-04-15 12:46:25.923 -0600: [Debug]: Loading bot file '/home/ben/gitclone/rafflebot/bots/rafflebot.rb'
2015-04-15 12:46:25.926 -0600: [Debug]: Instantiating and adding callbacks to class 'RaffleBot'
2015-04-15 12:46:25.927 -0600: [Debug]: Starting SlackConnection
2015-04-15 12:46:25.945 -0600: [Debug]: Done initializing SlackbotFrd::SlackConnection
2015-04-15 12:46:25.946 -0600: [Debug]: Loading bot file '/home/ben/gitclone/rafflebot/bots/rafflebot.rb'
2015-04-15 12:46:25.948 -0600: [Debug]: Instantiating and adding callbacks to class 'RaffleBot'
2015-04-15 12:46:25.949 -0600: [Debug]: Starting SlackConnection
2015-04-15 12:46:25.967 -0600: [Debug]: Done initializing SlackbotFrd::SlackConnection
2015-04-15 12:46:25.968 -0600: [Debug]: Loading bot file '/home/ben/gitclone/rafflebot/bots/rafflebot.rb'
2015-04-15 12:46:25.972 -0600: [Debug]: Instantiating and adding callbacks to class 'RaffleBot'
2015-04-15 12:46:25.972 -0600: [Debug]: Starting SlackConnection
2015-04-15 12:46:25.989 -0600: [Debug]: Done initializing SlackbotFrd::SlackConnection
2015-04-15 12:46:25.989 -0600: [Debug]: Loading bot file '/home/ben/gitclone/rafflebot/bots/rafflebot.rb'
2015-04-15 12:46:25.992 -0600: [Debug]: Instantiating and adding callbacks to class 'RaffleBot'
2015-04-15 12:46:25.993 -0600: [Debug]: Starting SlackConnection
2015-04-15 12:46:26.010 -0600: [Debug]: Done initializing SlackbotFrd::SlackConnection
2015-04-15 12:46:26.010 -0600: [Debug]: Loading bot file '/home/ben/gitclone/rafflebot/bots/rafflebot.rb'
2015-04-15 12:46:26.013 -0600: [Debug]: Instantiating and adding callbacks to class 'RaffleBot'
2015-04-15 12:46:26.014 -0600: [Debug]: Starting SlackConnection
2015-04-15 12:46:26.030 -0600: [Debug]: Done initializing SlackbotFrd::SlackConnection
2015-04-15 12:46:26.030 -0600: [Debug]: Loading bot file '/home/ben/gitclone/rafflebot/bots/rafflebot.rb'
2015-04-15 12:46:26.033 -0600: [Debug]: Instantiating and adding callbacks to class 'RaffleBot'
2015-04-15 12:46:26.034 -0600: [Debug]: Starting SlackConnection
2015-04-15 12:46:26.051 -0600: [Debug]: Done initializing SlackbotFrd::SlackConnection
2015-04-15 12:46:26.051 -0600: [Debug]: Loading bot file '/home/ben/gitclone/rafflebot/bots/rafflebot.rb'
2015-04-15 12:46:26.054 -0600: [Debug]: Instantiating and adding callbacks to class 'RaffleBot'
2015-04-15 12:46:26.055 -0600: [Debug]: Starting SlackConnection
2015-04-15 12:46:26.071 -0600: [Debug]: Done initializing SlackbotFrd::SlackConnection
2015-04-15 12:46:26.071 -0600: [Debug]: Loading bot file '/home/ben/gitclone/rafflebot/bots/rafflebot.rb'
2015-04-15 12:46:26.075 -0600: [Debug]: Instantiating and adding callbacks to class 'RaffleBot'
2015-04-15 12:46:26.075 -0600: [Debug]: Starting SlackConnection
2015-04-15 12:46:26.093 -0600: [Debug]: Done initializing SlackbotFrd::SlackConnection
2015-04-15 12:46:26.093 -0600: [Debug]: Loading bot file '/home/ben/gitclone/rafflebot/bots/rafflebot.rb'
2015-04-15 12:46:26.096 -0600: [Debug]: Instantiating and adding callbacks to class 'RaffleBot'
2015-04-15 12:46:26.096 -0600: [Debug]: Starting SlackConnection
2015-04-15 12:46:26.112 -0600: [Debug]: Done initializing SlackbotFrd::SlackConnection
2015-04-15 12:46:26.113 -0600: [Debug]: Loading bot file '/home/ben/gitclone/rafflebot/bots/rafflebot.rb'
2015-04-15 12:46:26.116 -0600: [Debug]: Instantiating and adding callbacks to class 'RaffleBot'
2015-04-15 12:46:26.117 -0600: [Debug]: Starting SlackConnection
2015-04-15 12:46:26.134 -0600: [Debug]: Done initializing SlackbotFrd::SlackConnection
2015-04-15 12:46:26.134 -0600: [Debug]: Loading bot file '/home/ben/gitclone/rafflebot/bots/rafflebot.rb'
2015-04-15 12:46:26.137 -0600: [Debug]: Instantiating and adding callbacks to class 'RaffleBot'
2015-04-15 12:46:26.138 -0600: [Debug]: Starting SlackConnection
2015-04-15 12:46:26.155 -0600: [Debug]: Done initializing SlackbotFrd::SlackConnection
2015-04-15 12:46:26.155 -0600: [Debug]: Loading bot file '/home/ben/gitclone/rafflebot/bots/rafflebot.rb'
2015-04-15 12:46:26.158 -0600: [Debug]: Instantiating and adding callbacks to class 'RaffleBot'
2015-04-15 12:46:26.158 -0600: [Debug]: Starting SlackConnection
2015-04-15 12:46:26.175 -0600: [Debug]: Done initializing SlackbotFrd::SlackConnection
2015-04-15 12:46:26.175 -0600: [Debug]: Loading bot file '/home/ben/gitclone/rafflebot/bots/rafflebot.rb'
2015-04-15 12:46:26.178 -0600: [Debug]: Instantiating and adding callbacks to class 'RaffleBot'
2015-04-15 12:46:26.179 -0600: [Debug]: Starting SlackConnection
2015-04-15 12:46:26.195 -0600: [Debug]: Done initializing SlackbotFrd::SlackConnection
2015-04-15 12:46:26.196 -0600: [Debug]: Loading bot file '/home/ben/gitclone/rafflebot/bots/rafflebot.rb'
2015-04-15 12:46:26.198 -0600: [Debug]: Instantiating and adding callbacks to class 'RaffleBot'
2015-04-15 12:46:26.199 -0600: [Debug]: Starting SlackConnection
2015-04-15 12:46:26.216 -0600: [Debug]: Done initializing SlackbotFrd::SlackConnection
2015-04-15 12:46:26.217 -0600: [Debug]: Loading bot file '/home/ben/gitclone/rafflebot/bots/rafflebot.rb'
2015-04-15 12:46:26.220 -0600: [Debug]: Instantiating and adding callbacks to class 'RaffleBot'
2015-04-15 12:46:26.222 -0600: [Debug]: Starting SlackConnection
2015-04-15 12:46:26.238 -0600: [Debug]: Done initializing SlackbotFrd::SlackConnection
2015-04-15 12:46:26.238 -0600: [Debug]: Loading bot file '/home/ben/gitclone/rafflebot/bots/rafflebot.rb'
2015-04-15 12:46:26.242 -0600: [Debug]: Instantiating and adding callbacks to class 'RaffleBot'
2015-04-15 12:46:26.242 -0600: [Debug]: Starting SlackConnection
2015-04-15 12:46:26.260 -0600: [Debug]: Done initializing SlackbotFrd::SlackConnection
2015-04-15 12:46:26.261 -0600: [Debug]: Loading bot file '/home/ben/gitclone/rafflebot/bots/rafflebot.rb'
2015-04-15 12:46:26.264 -0600: [Debug]: Instantiating and adding callbacks to class 'RaffleBot'
2015-04-15 12:46:26.265 -0600: [Debug]: Starting SlackConnection
2015-04-15 12:46:26.281 -0600: [Debug]: Done initializing SlackbotFrd::SlackConnection
2015-04-15 12:46:26.281 -0600: [Debug]: Loading bot file '/home/ben/gitclone/rafflebot/bots/rafflebot.rb'
2015-04-15 12:46:26.284 -0600: [Debug]: Instantiating and adding callbacks to class 'RaffleBot'
2015-04-15 12:46:26.285 -0600: [Debug]: Starting SlackConnection
2015-04-15 12:46:26.302 -0600: [Debug]: Done initializing SlackbotFrd::SlackConnection
2015-04-15 12:46:26.302 -0600: [Debug]: Loading bot file '/home/ben/gitclone/rafflebot/bots/rafflebot.rb'
2015-04-15 12:46:26.306 -0600: [Debug]: Instantiating and adding callbacks to class 'RaffleBot'
2015-04-15 12:46:26.307 -0600: [Debug]: Starting SlackConnection
2015-04-15 12:46:26.323 -0600: [Debug]: Done initializing SlackbotFrd::SlackConnection
2015-04-15 12:46:26.323 -0600: [Debug]: Loading bot file '/home/ben/gitclone/rafflebot/bots/rafflebot.rb'
2015-04-15 12:46:26.327 -0600: [Debug]: Instantiating and adding callbacks to class 'RaffleBot'
2015-04-15 12:46:26.327 -0600: [Debug]: Starting SlackConnection
2015-04-15 12:46:26.344 -0600: [Debug]: Done initializing SlackbotFrd::SlackConnection
2015-04-15 12:46:26.345 -0600: [Debug]: Loading bot file '/home/ben/gitclone/rafflebot/bots/rafflebot.rb'
2015-04-15 12:46:26.348 -0600: [Debug]: Instantiating and adding callbacks to class 'RaffleBot'
2015-04-15 12:46:26.349 -0600: [Debug]: Starting SlackConnection
2015-04-15 12:46:26.365 -0600: [Debug]: Done initializing SlackbotFrd::SlackConnection
2015-04-15 12:46:26.366 -0600: [Debug]: Loading bot file '/home/ben/gitclone/rafflebot/bots/rafflebot.rb'
2015-04-15 12:46:26.369 -0600: [Debug]: Instantiating and adding callbacks to class 'RaffleBot'
2015-04-15 12:46:26.370 -0600: [Debug]: Starting SlackConnection
2015-04-15 12:46:26.387 -0600: [Debug]: Done initializing SlackbotFrd::SlackConnection
2015-04-15 12:46:26.387 -0600: [Debug]: Loading bot file '/home/ben/gitclone/rafflebot/bots/rafflebot.rb'
2015-04-15 12:46:26.390 -0600: [Debug]: Instantiating and adding callbacks to class 'RaffleBot'
2015-04-15 12:46:26.391 -0600: [Debug]: Starting SlackConnection
2015-04-15 12:46:26.408 -0600: [Debug]: Done initializing SlackbotFrd::SlackConnection
2015-04-15 12:46:26.408 -0600: [Debug]: Loading bot file '/home/ben/gitclone/rafflebot/bots/rafflebot.rb'
2015-04-15 12:46:26.412 -0600: [Debug]: Instantiating and adding callbacks to class 'RaffleBot'
2015-04-15 12:46:26.413 -0600: [Debug]: Starting SlackConnection
2015-04-15 12:46:26.430 -0600: [Debug]: Done initializing SlackbotFrd::SlackConnection
2015-04-15 12:46:26.430 -0600: [Debug]: Loading bot file '/home/ben/gitclone/rafflebot/bots/rafflebot.rb'
2015-04-15 12:46:26.433 -0600: [Debug]: Instantiating and adding callbacks to class 'RaffleBot'
2015-04-15 12:46:26.434 -0600: [Debug]: Starting SlackConnection
2015-04-15 12:46:26.450 -0600: [Debug]: Done initializing SlackbotFrd::SlackConnection
2015-04-15 12:46:26.450 -0600: [Debug]: Loading bot file '/home/ben/gitclone/rafflebot/bots/rafflebot.rb'
2015-04-15 12:46:26.454 -0600: [Debug]: Instantiating and adding callbacks to class 'RaffleBot'
2015-04-15 12:46:26.455 -0600: [Debug]: Starting SlackConnection
2015-04-15 12:46:26.471 -0600: [Debug]: Done initializing SlackbotFrd::SlackConnection
2015-04-15 12:46:26.471 -0600: [Debug]: Loading bot file '/home/ben/gitclone/rafflebot/bots/rafflebot.rb'
2015-04-15 12:46:26.474 -0600: [Debug]: Instantiating and adding callbacks to class 'RaffleBot'
2015-04-15 12:46:26.475 -0600: [Debug]: Starting SlackConnection
2015-04-15 12:46:26.492 -0600: [Debug]: Done initializing SlackbotFrd::SlackConnection
2015-04-15 12:46:26.492 -0600: [Debug]: Loading bot file '/home/ben/gitclone/rafflebot/bots/rafflebot.rb'
2015-04-15 12:46:26.495 -0600: [Debug]: Instantiating and adding callbacks to class 'RaffleBot'
2015-04-15 12:46:26.496 -0600: [Debug]: Starting SlackConnection
2015-04-15 12:46:26.516 -0600: [Debug]: Done initializing SlackbotFrd::SlackConnection
2015-04-15 12:46:26.516 -0600: [Debug]: Loading bot file '/home/ben/gitclone/rafflebot/bots/rafflebot.rb'
2015-04-15 12:46:26.521 -0600: [Debug]: Instantiating and adding callbacks to class 'RaffleBot'
2015-04-15 12:46:26.521 -0600: [Debug]: Starting SlackConnection
2015-04-15 12:46:26.538 -0600: [Debug]: Done initializing SlackbotFrd::SlackConnection
2015-04-15 12:46:26.538 -0600: [Debug]: Loading bot file '/home/ben/gitclone/rafflebot/bots/rafflebot.rb'
2015-04-15 12:46:26.541 -0600: [Debug]: Instantiating and adding callbacks to class 'RaffleBot'
2015-04-15 12:46:26.542 -0600: [Debug]: Starting SlackConnection
2015-04-15 12:46:26.558 -0600: [Debug]: Done initializing SlackbotFrd::SlackConnection
2015-04-15 12:46:26.558 -0600: [Debug]: Loading bot file '/home/ben/gitclone/rafflebot/bots/rafflebot.rb'
2015-04-15 12:46:26.562 -0600: [Debug]: Instantiating and adding callbacks to class 'RaffleBot'
2015-04-15 12:46:26.562 -0600: [Debug]: Starting SlackConnection
2015-04-15 12:46:26.579 -0600: [Debug]: Done initializing SlackbotFrd::SlackConnection
2015-04-15 12:46:26.579 -0600: [Debug]: Loading bot file '/home/ben/gitclone/rafflebot/bots/rafflebot.rb'
2015-04-15 12:46:26.582 -0600: [Debug]: Instantiating and adding callbacks to class 'RaffleBot'
2015-04-15 12:46:26.583 -0600: [Debug]: Starting SlackConnection
2015-04-15 12:46:26.600 -0600: [Debug]: Done initializing SlackbotFrd::SlackConnection
2015-04-15 12:46:26.600 -0600: [Debug]: Loading bot file '/home/ben/gitclone/rafflebot/bots/rafflebot.rb'
2015-04-15 12:46:26.603 -0600: [Debug]: Instantiating and adding callbacks to class 'RaffleBot'
2015-04-15 12:46:26.604 -0600: [Debug]: Starting SlackConnection
2015-04-15 12:46:26.622 -0600: [Debug]: Done initializing SlackbotFrd::SlackConnection
2015-04-15 12:46:26.622 -0600: [Debug]: Loading bot file '/home/ben/gitclone/rafflebot/bots/rafflebot.rb'
2015-04-15 12:46:26.625 -0600: [Debug]: Instantiating and adding callbacks to class 'RaffleBot'
2015-04-15 12:46:26.626 -0600: [Debug]: Starting SlackConnection
2015-04-15 12:46:26.643 -0600: [Debug]: Done initializing SlackbotFrd::SlackConnection
2015-04-15 12:46:26.643 -0600: [Debug]: Loading bot file '/home/ben/gitclone/rafflebot/bots/rafflebot.rb'
2015-04-15 12:46:26.646 -0600: [Debug]: Instantiating and adding callbacks to class 'RaffleBot'
2015-04-15 12:46:26.647 -0600: [Debug]: Starting SlackConnection
2015-04-15 12:46:26.663 -0600: [Debug]: Done initializing SlackbotFrd::SlackConnection
2015-04-15 12:46:26.663 -0600: [Debug]: Loading bot file '/home/ben/gitclone/rafflebot/bots/rafflebot.rb'
2015-04-15 12:46:26.667 -0600: [Debug]: Instantiating and adding callbacks to class 'RaffleBot'
2015-04-15 12:46:26.667 -0600: [Debug]: Starting SlackConnection
2015-04-15 12:46:26.685 -0600: [Debug]: Done initializing SlackbotFrd::SlackConnection
2015-04-15 12:46:26.685 -0600: [Debug]: Loading bot file '/home/ben/gitclone/rafflebot/bots/rafflebot.rb'
2015-04-15 12:46:26.688 -0600: [Debug]: Instantiating and adding callbacks to class 'RaffleBot'
2015-04-15 12:46:26.689 -0600: [Debug]: Starting SlackConnection
2015-04-15 12:46:26.707 -0600: [Debug]: Done initializing SlackbotFrd::SlackConnection
2015-04-15 12:46:26.707 -0600: [Debug]: Loading bot file '/home/ben/gitclone/rafflebot/bots/rafflebot.rb'
2015-04-15 12:46:26.710 -0600: [Debug]: Instantiating and adding callbacks to class 'RaffleBot'
2015-04-15 12:46:26.711 -0600: [Debug]: Starting SlackConnection
2015-04-15 12:46:26.727 -0600: [Debug]: Done initializing SlackbotFrd::SlackConnection
2015-04-15 12:46:26.727 -0600: [Debug]: Loading bot file '/home/ben/gitclone/rafflebot/bots/rafflebot.rb'
2015-04-15 12:46:26.730 -0600: [Debug]: Instantiating and adding callbacks to class 'RaffleBot'
2015-04-15 12:46:26.731 -0600: [Debug]: Starting SlackConnection
2015-04-15 12:46:26.748 -0600: [Debug]: Done initializing SlackbotFrd::SlackConnection
2015-04-15 12:46:26.749 -0600: [Debug]: Loading bot file '/home/ben/gitclone/rafflebot/bots/rafflebot.rb'
2015-04-15 12:46:26.752 -0600: [Debug]: Instantiating and adding callbacks to class 'RaffleBot'
2015-04-15 12:46:26.753 -0600: [Debug]: Starting SlackConnection
2015-04-15 12:46:26.769 -0600: [Debug]: Done initializing SlackbotFrd::SlackConnection
2015-04-15 12:46:26.770 -0600: [Debug]: Loading bot file '/home/ben/gitclone/rafflebot/bots/rafflebot.rb'
2015-04-15 12:46:26.773 -0600: [Debug]: Instantiating and adding callbacks to class 'RaffleBot'
2015-04-15 12:46:26.774 -0600: [Debug]: Starting SlackConnection
2015-04-15 12:46:26.791 -0600: [Debug]: Done initializing SlackbotFrd::SlackConnection
2015-04-15 12:46:26.791 -0600: [Debug]: Loading bot file '/home/ben/gitclone/rafflebot/bots/rafflebot.rb'
2015-04-15 12:46:26.794 -0600: [Debug]: Instantiating and adding callbacks to class 'RaffleBot'
2015-04-15 12:46:26.795 -0600: [Debug]: Starting SlackConnection
2015-04-15 12:46:26.811 -0600: [Debug]: Done initializing SlackbotFrd::SlackConnection
2015-04-15 12:46:26.811 -0600: [Debug]: Loading bot file '/home/ben/gitclone/rafflebot/bots/rafflebot.rb'
2015-04-15 12:46:26.815 -0600: [Debug]: Instantiating and adding callbacks to class 'RaffleBot'
2015-04-15 12:46:26.816 -0600: [Debug]: Starting SlackConnection
2015-04-15 12:46:26.833 -0600: [Debug]: Done initializing SlackbotFrd::SlackConnection
2015-04-15 12:46:26.833 -0600: [Debug]: Loading bot file '/home/ben/gitclone/rafflebot/bots/rafflebot.rb'
2015-04-15 12:46:26.836 -0600: [Debug]: Instantiating and adding callbacks to class 'RaffleBot'
2015-04-15 12:46:26.837 -0600: [Debug]: Starting SlackConnection
2015-04-15 12:46:26.854 -0600: [Debug]: Done initializing SlackbotFrd::SlackConnection
2015-04-15 12:46:26.854 -0600: [Debug]: Loading bot file '/home/ben/gitclone/rafflebot/bots/rafflebot.rb'
2015-04-15 12:46:26.857 -0600: [Debug]: Instantiating and adding callbacks to class 'RaffleBot'
2015-04-15 12:46:26.858 -0600: [Debug]: Starting SlackConnection
2015-04-15 12:46:26.875 -0600: [Debug]: Done initializing SlackbotFrd::SlackConnection
2015-04-15 12:46:26.876 -0600: [Debug]: Loading bot file '/home/ben/gitclone/rafflebot/bots/rafflebot.rb'
2015-04-15 12:46:26.879 -0600: [Debug]: Instantiating and adding callbacks to class 'RaffleBot'
2015-04-15 12:46:26.880 -0600: [Debug]: Starting SlackConnection
2015-04-15 12:46:26.896 -0600: [Debug]: Done initializing SlackbotFrd::SlackConnection
2015-04-15 12:46:26.897 -0600: [Debug]: Loading bot file '/home/ben/gitclone/rafflebot/bots/rafflebot.rb'
2015-04-15 12:46:26.900 -0600: [Debug]: Instantiating and adding callbacks to class 'RaffleBot'
2015-04-15 12:46:26.901 -0600: [Debug]: Starting SlackConnection
2015-04-15 12:46:26.917 -0600: [Debug]: Done initializing SlackbotFrd::SlackConnection
2015-04-15 12:46:26.917 -0600: [Debug]: Loading bot file '/home/ben/gitclone/rafflebot/bots/rafflebot.rb'
2015-04-15 12:46:26.921 -0600: [Debug]: Instantiating and adding callbacks to class 'RaffleBot'
2015-04-15 12:46:26.922 -0600: [Debug]: Starting SlackConnection
2015-04-15 12:46:26.938 -0600: [Debug]: Done initializing SlackbotFrd::SlackConnection
2015-04-15 12:46:26.938 -0600: [Debug]: Loading bot file '/home/ben/gitclone/rafflebot/bots/rafflebot.rb'
2015-04-15 12:46:26.942 -0600: [Debug]: Instantiating and adding callbacks to class 'RaffleBot'
2015-04-15 12:46:26.942 -0600: [Debug]: Starting SlackConnection
2015-04-15 12:46:26.960 -0600: [Debug]: Done initializing SlackbotFrd::SlackConnection
2015-04-15 12:46:26.960 -0600: [Debug]: Loading bot file '/home/ben/gitclone/rafflebot/bots/rafflebot.rb'
2015-04-15 12:46:26.964 -0600: [Debug]: Instantiating and adding callbacks to class 'RaffleBot'
2015-04-15 12:46:26.964 -0600: [Debug]: Starting SlackConnection
2015-04-15 12:46:26.981 -0600: [Debug]: Done initializing SlackbotFrd::SlackConnection
2015-04-15 12:46:26.982 -0600: [Debug]: Loading bot file '/home/ben/gitclone/rafflebot/bots/rafflebot.rb'
2015-04-15 12:46:26.985 -0600: [Debug]: Instantiating and adding callbacks to class 'RaffleBot'
2015-04-15 12:46:26.985 -0600: [Debug]: Starting SlackConnection
2015-04-15 12:46:27.003 -0600: [Debug]: Done initializing SlackbotFrd::SlackConnection
2015-04-15 12:46:27.004 -0600: [Debug]: Loading bot file '/home/ben/gitclone/rafflebot/bots/rafflebot.rb'
2015-04-15 12:46:27.007 -0600: [Debug]: Instantiating and adding callbacks to class 'RaffleBot'
2015-04-15 12:46:27.008 -0600: [Debug]: Starting SlackConnection
2015-04-15 12:46:27.025 -0600: [Debug]: Done initializing SlackbotFrd::SlackConnection
2015-04-15 12:46:27.025 -0600: [Debug]: Loading bot file '/home/ben/gitclone/rafflebot/bots/rafflebot.rb'
2015-04-15 12:46:27.028 -0600: [Debug]: Instantiating and adding callbacks to class 'RaffleBot'
2015-04-15 12:46:27.029 -0600: [Debug]: Starting SlackConnection
2015-04-15 12:46:27.045 -0600: [Debug]: Done initializing SlackbotFrd::SlackConnection
2015-04-15 12:46:27.046 -0600: [Debug]: Loading bot file '/home/ben/gitclone/rafflebot/bots/rafflebot.rb'
2015-04-15 12:46:27.049 -0600: [Debug]: Instantiating and adding callbacks to class 'RaffleBot'
2015-04-15 12:46:27.050 -0600: [Debug]: Starting SlackConnection
2015-04-15 12:46:27.067 -0600: [Debug]: Done initializing SlackbotFrd::SlackConnection
2015-04-15 12:46:27.067 -0600: [Debug]: Loading bot file '/home/ben/gitclone/rafflebot/bots/rafflebot.rb'
2015-04-15 12:46:27.070 -0600: [Debug]: Instantiating and adding callbacks to class 'RaffleBot'
2015-04-15 12:46:27.072 -0600: [Debug]: Starting SlackConnection
2015-04-15 12:46:27.088 -0600: [Debug]: Done initializing SlackbotFrd::SlackConnection
2015-04-15 12:46:27.088 -0600: [Debug]: Loading bot file '/home/ben/gitclone/rafflebot/bots/rafflebot.rb'
2015-04-15 12:46:27.091 -0600: [Debug]: Instantiating and adding callbacks to class 'RaffleBot'
2015-04-15 12:46:27.091 -0600: [Debug]: Starting SlackConnection
2015-04-15 12:46:40.400 -0600: [Info]: Logging to file '/home/ben/gitclone/rafflebot/bots/slackbot-frd.log'
2015-04-15 12:46:40.401 -0600: [Debug]: Done initializing SlackbotFrd::SlackConnection
2015-04-15 12:46:40.401 -0600: [Debug]: Loading bot file '/home/ben/gitclone/rafflebot/bots/rafflebot.rb'
2015-04-15 12:46:40.404 -0600: [Debug]: Instantiating and adding callbacks to class 'RaffleBot'
2015-04-15 12:46:40.405 -0600: [Debug]: Starting SlackConnection
2015-04-15 12:46:40.405 -0600: [Info]: SlackbotFrd::SlackConnection: starting event machine
2015-04-15 12:51:56.740 -0600: [Debug]: Done initializing SlackbotFrd::SlackConnection
2015-04-15 12:51:56.741 -0600: [Debug]: Loading bot file '/home/ben/gitclone/rafflebot/bots/rafflebot.rb'
2015-04-15 12:51:56.744 -0600: [Debug]: Instantiating and adding callbacks to class 'RaffleBot'
2015-04-15 12:51:56.744 -0600: [Debug]: Starting SlackConnection
2015-04-15 12:51:56.744 -0600: [Info]: SlackbotFrd::SlackConnection: starting event machine
2015-04-15 12:52:52.304 -0600: [Info]: Logging to file '/home/ben/gitclone/rafflebot/bots/slackbot-frd.log'
2015-04-15 12:52:52.305 -0600: [Debug]: Done initializing SlackbotFrd::SlackConnection
2015-04-15 12:52:52.305 -0600: [Debug]: Loading bot file '/home/ben/gitclone/rafflebot/bots/rafflebot.rb'
2015-04-15 12:52:52.308 -0600: [Debug]: Instantiating and adding callbacks to class 'RaffleBot'
2015-04-15 12:52:52.309 -0600: [Debug]: Starting SlackConnection
2015-04-15 12:52:52.309 -0600: [Info]: SlackbotFrd::SlackConnection: starting event machine
2015-04-15 12:53:07.077 -0600: [Debug]: Done initializing SlackbotFrd::SlackConnection
2015-04-15 12:53:07.077 -0600: [Debug]: Loading bot file '/home/ben/gitclone/rafflebot/bots/rafflebot.rb'
2015-04-15 12:53:07.081 -0600: [Debug]: Instantiating and adding callbacks to class 'RaffleBot'
2015-04-15 12:53:07.081 -0600: [Debug]: Starting SlackConnection
2015-04-15 12:53:07.082 -0600: [Info]: SlackbotFrd::SlackConnection: starting event machine
2015-04-15 12:55:22.598 -0600: [Info]: Logging to file '/home/ben/gitclone/rafflebot/bots/slackbot-frd.log'
2015-04-15 12:55:22.599 -0600: [Debug]: Done initializing SlackbotFrd::SlackConnection
2015-04-15 12:55:22.599 -0600: [Debug]: Loading bot file '/home/ben/gitclone/rafflebot/bots/rafflebot.rb'
2015-04-15 12:55:22.603 -0600: [Debug]: Instantiating and adding callbacks to class 'RaffleBot'
2015-04-15 12:55:22.603 -0600: [Debug]: Starting SlackConnection
2015-04-15 12:55:22.605 -0600: [Info]: SlackbotFrd::SlackConnection: starting event machine
2015-04-15 12:55:27.932 -0600: [Debug]: SlackbotFrd::SlackConnection: Sending message '@angel wins!!!' as user 'Raffle Bot' to channel 'bps_test_graveyard'
2015-04-15 12:55:28.400 -0600: [Debug]: SlackbotFrd::SlackConnection: Received response:  {"ok"=>true, "channel"=>"C03HFDH7D", "ts"=>"1429124128.000034", "message"=>{"text"=>"@angel wins!!!", "username"=>"Raffle Bot", "icons"=>{"emoji"=>":raphael:"}, "type"=>"message", "subtype"=>"bot_message", "ts"=>"1429124128.000034"}}
2015-04-15 12:55:34.437 -0600: [Debug]: SlackbotFrd::SlackConnection: Sending message '@angel wins!!!' as user 'Raffle Bot' to channel 'bps_test_graveyard'
2015-04-15 12:55:34.865 -0600: [Debug]: SlackbotFrd::SlackConnection: Received response:  {"ok"=>true, "channel"=>"C03HFDH7D", "ts"=>"1429124134.000036", "message"=>{"text"=>"@angel wins!!!", "username"=>"Raffle Bot", "icons"=>{"emoji"=>":raphael:"}, "type"=>"message", "subtype"=>"bot_message", "ts"=>"1429124134.000036"}}
2015-04-15 12:55:37.532 -0600: [Debug]: SlackbotFrd::SlackConnection: Sending message '@bp wins!!!' as user 'Raffle Bot' to channel 'bps_test_graveyard'
2015-04-15 12:55:37.961 -0600: [Debug]: SlackbotFrd::SlackConnection: Received response:  {"ok"=>true, "channel"=>"C03HFDH7D", "ts"=>"1429124137.000038", "message"=>{"text"=>"@bp wins!!!", "username"=>"Raffle Bot", "icons"=>{"emoji"=>":raphael:"}, "type"=>"message", "subtype"=>"bot_message", "ts"=>"1429124137.000038"}}
